<?xml version="1.0" encoding="UTF-8"?>
<TestRun id="84d2acbc-b179-4850-a584-6df97afbc1b4" name="User@780847-PC 2012-06-25 09:03:31" runUser="780847-PC\User" xmlns="http://microsoft.com/schemas/VisualStudio/TeamTest/2010">
  <TestSettings name="Local" id="d8b9ca7c-7854-4490-a316-21eb3cde8ced">
    <Description>These are default test settings for a local test run.</Description>
    <Deployment userDeploymentRoot="D:\Projects\MontyGit\Monty\TestResults" useDefaultDeploymentRoot="false" enabled="false" runDeploymentRoot="User_780847-PC 2012-06-25 09_03_31">
      <DeploymentItem filename="D:\Projects\MontyGit\Monty\packages\NUnit.2.6.0.12054\lib\nunit.framework.dll" />
      <DeploymentItem filename="D:\Projects\MontyGit\Monty\packages\SpecFlow.1.8.1\lib\net35\TechTalk.SpecFlow.dll" />
      <DeploymentItem filename="D:\Projects\MontyGit\Monty\packages\Shouldly.1.1.1.1\lib\35\Shouldly.dll" />
      <DeploymentItem filename="D:\Projects\MontyGit\Monty\Monty\bin\Debug\Monty.dll" />
      <DeploymentItem filename="D:\Projects\MontyGit\Monty\Monty.Repository\bin\Debug\Monty.Repository.dll" />
    </Deployment>
    <Execution>
      <TestTypeSpecific />
      <AgentRule name="Execution Agents">
      </AgentRule>
    </Execution>
  </TestSettings>
  <Times creation="2012-06-25T09:03:31.3937519+01:00" queuing="2012-06-25T09:03:32.8923805+01:00" start="2012-06-25T09:03:33.0003807+01:00" finish="2012-06-25T09:06:30.2057872+01:00" />
  <ResultSummary outcome="Error">
    <Counters total="1" executed="1" error="0" failed="0" timeout="0" aborted="1" inconclusive="0" passedButRunAborted="0" notRunnable="0" notExecuted="0" disconnected="0" warning="0" passed="0" completed="0" inProgress="0" pending="0" />
    <RunInfos>
      <RunInfo computerName="780847-PC" outcome="Error" timestamp="2012-06-25T09:06:30.2057872+01:00">
        <Text>Test host process exited unexpectedly.</Text>
      </RunInfo>
    </RunInfos>
  </ResultSummary>
  <TestDefinitions>
    <UnitTest name="CreatingMultiplePayPeriods" storage="d:\projects\montygit\monty\monty.test.features\bin\debug\monty.test.features.dll" id="8b5cde8b-f421-458b-5bbe-672d5a66bb7e">
      <Description>Creating multiple pay periods</Description>
      <Execution id="62e9c163-1db8-43b0-94f3-ba3da25f89de" />
      <Properties>
        <Property>
          <Key>FeatureTitle</Key>
          <Value>Configuring Pay Period</Value>
        </Property>
      </Properties>
      <TestMethod codeBase="D:/Projects/MontyGit/Monty/Monty.Test.Features/bin/Debug/Monty.Test.Features.DLL" adapterTypeName="Microsoft.VisualStudio.TestTools.TestTypes.Unit.UnitTestAdapter, Microsoft.VisualStudio.QualityTools.Tips.UnitTest.Adapter, Version=10.0.0.0, Culture=neutral, PublicKeyToken=b03f5f7f11d50a3a" className="Monty.Test.Features.ConfiguringPayPeriodFeature, Monty.Test.Features, Version=1.0.0.0, Culture=neutral, PublicKeyToken=null" name="CreatingMultiplePayPeriods" />
    </UnitTest>
  </TestDefinitions>
  <TestLists>
    <TestList name="Results Not in a List" id="8c84fa94-04c1-424b-9868-57a2d4851a1d" />
    <TestList name="All Loaded Results" id="19431567-8539-422a-85d7-44ee4e166bda" />
  </TestLists>
  <TestEntries>
    <TestEntry testId="8b5cde8b-f421-458b-5bbe-672d5a66bb7e" executionId="62e9c163-1db8-43b0-94f3-ba3da25f89de" testListId="8c84fa94-04c1-424b-9868-57a2d4851a1d" />
  </TestEntries>
  <Results>
    <UnitTestResult executionId="62e9c163-1db8-43b0-94f3-ba3da25f89de" testId="8b5cde8b-f421-458b-5bbe-672d5a66bb7e" testName="CreatingMultiplePayPeriods" computerName="780847-PC" duration="00:02:57.1154064" startTime="2012-06-25T09:03:33.0903808+01:00" endTime="2012-06-25T09:06:30.2057872+01:00" testType="13cdc9d9-ddb5-4fa4-a97d-d965ccfc6d4b" outcome="Aborted" testListId="8c84fa94-04c1-424b-9868-57a2d4851a1d" relativeResultsDirectory="62e9c163-1db8-43b0-94f3-ba3da25f89de">
    </UnitTestResult>
  </Results>
</TestRun>