<?xml version="1.0" encoding="UTF-8"?>
<TestRun id="a004489a-f532-4dd5-b59a-d2df4164f106" name="User@780847-PC 2012-06-25 09:02:50" runUser="780847-PC\User" xmlns="http://microsoft.com/schemas/VisualStudio/TeamTest/2010">
  <TestSettings name="Local" id="d8b9ca7c-7854-4490-a316-21eb3cde8ced">
    <Description>These are default test settings for a local test run.</Description>
    <Deployment enabled="false" runDeploymentRoot="User_780847-PC 2012-06-25 09_02_50">
      <DeploymentItem filename="D:\Projects\MontyGit\Monty\packages\NUnit.2.6.0.12054\lib\nunit.framework.dll" />
      <DeploymentItem filename="D:\Projects\MontyGit\Monty\packages\SpecFlow.1.8.1\lib\net35\TechTalk.SpecFlow.dll" />
      <DeploymentItem filename="D:\Projects\MontyGit\Monty\packages\Shouldly.1.1.1.1\lib\35\Shouldly.dll" />
      <DeploymentItem filename="D:\Projects\MontyGit\Monty\Monty\bin\Debug\Monty.dll" />
      <DeploymentItem filename="D:\Projects\MontyGit\Monty\Monty.Repository\bin\Debug\Monty.Repository.dll" />
    </Deployment>
    <Execution>
      <TestTypeSpecific />
      <AgentRule name="Execution Agents">
      </AgentRule>
    </Execution>
  </TestSettings>
  <Times creation="2012-06-25T09:02:50.6979341+01:00" queuing="2012-06-25T09:02:51.8983820+01:00" start="2012-06-25T09:02:51.9607821+01:00" finish="2012-06-25T09:02:52.6783833+01:00" />
  <ResultSummary outcome="Completed">
    <Counters total="1" executed="1" passed="1" error="0" failed="0" timeout="0" aborted="0" inconclusive="0" passedButRunAborted="0" notRunnable="0" notExecuted="0" disconnected="0" warning="0" completed="0" inProgress="0" pending="0" />
  </ResultSummary>
  <TestDefinitions>
    <UnitTest name="CreatingAPayPeriod" storage="d:\projects\montygit\monty\monty.test.features\bin\debug\monty.test.features.dll" id="be3bcb9a-f336-5018-4e2b-6995101bc820">
      <Description>Creating a pay period</Description>
      <Execution id="9e263cc0-898a-4deb-9b17-6c5ad9a4d2a8" />
      <Properties>
        <Property>
          <Key>FeatureTitle</Key>
          <Value>Configuring Pay Period</Value>
        </Property>
      </Properties>
      <TestMethod codeBase="D:/Projects/MontyGit/Monty/Monty.Test.Features/bin/Debug/Monty.Test.Features.DLL" adapterTypeName="Microsoft.VisualStudio.TestTools.TestTypes.Unit.UnitTestAdapter, Microsoft.VisualStudio.QualityTools.Tips.UnitTest.Adapter, Version=10.0.0.0, Culture=neutral, PublicKeyToken=b03f5f7f11d50a3a" className="Monty.Test.Features.ConfiguringPayPeriodFeature, Monty.Test.Features, Version=1.0.0.0, Culture=neutral, PublicKeyToken=null" name="CreatingAPayPeriod" />
    </UnitTest>
  </TestDefinitions>
  <TestLists>
    <TestList name="Results Not in a List" id="8c84fa94-04c1-424b-9868-57a2d4851a1d" />
    <TestList name="All Loaded Results" id="19431567-8539-422a-85d7-44ee4e166bda" />
  </TestLists>
  <TestEntries>
    <TestEntry testId="be3bcb9a-f336-5018-4e2b-6995101bc820" executionId="9e263cc0-898a-4deb-9b17-6c5ad9a4d2a8" testListId="8c84fa94-04c1-424b-9868-57a2d4851a1d" />
  </TestEntries>
  <Results>
    <UnitTestResult executionId="9e263cc0-898a-4deb-9b17-6c5ad9a4d2a8" testId="be3bcb9a-f336-5018-4e2b-6995101bc820" testName="CreatingAPayPeriod" computerName="780847-PC" duration="00:00:00.2844027" startTime="2012-06-25T09:02:51.9763821+01:00" endTime="2012-06-25T09:02:52.6003832+01:00" testType="13cdc9d9-ddb5-4fa4-a97d-d965ccfc6d4b" outcome="Passed" testListId="8c84fa94-04c1-424b-9868-57a2d4851a1d" relativeResultsDirectory="9e263cc0-898a-4deb-9b17-6c5ad9a4d2a8">
      <Output>
        <StdOut>Given I have a new system with pay periods
  --- table step argument ---
  | Name     | StartDate | EndDate  |
  | JuneTest | 1/1/2012  | 2/2/2012 |
-&gt; done: ConfiguringPayPeriod.GivenIHaveANewSystemWithPayPeriods(&lt;table&gt;) (0.2s)
When I retrieve JuneTest from the database
-&gt; done: ConfiguringPayPeriod.WhenIRetrievePayPeriodFromTheDatabase("JuneTest") (0.0s)
Then It should have details
  --- table step argument ---
  | Name     | StartDate | EndDate  |
  | JuneTest | 1/1/2012  | 2/2/2012 |
-&gt; done: ConfiguringPayPeriod.ThenItShouldHaveDetails(&lt;table&gt;) (0.0s)</StdOut>
      </Output>
    </UnitTestResult>
  </Results>
</TestRun>