<?xml version="1.0" encoding="UTF-8"?>
<TestRun id="17fe908c-5430-4748-a799-88016dc0c344" name="User@780847-PC 2012-07-02 14:55:03" runUser="780847-PC\User" xmlns="http://microsoft.com/schemas/VisualStudio/TeamTest/2010">
  <TestSettings name="Local" id="d8b9ca7c-7854-4490-a316-21eb3cde8ced">
    <Description>These are default test settings for a local test run.</Description>
    <Deployment enabled="false" runDeploymentRoot="User_780847-PC 2012-07-02 14_55_03">
      <DeploymentItem filename="D:\Projects\MontyGit\Monty\packages\Castle.Core.3.0.0.4001\lib\net40-client\Castle.Core.dll" />
      <DeploymentItem filename="D:\Projects\MontyGit\Monty\packages\Coypu.0.10.0\lib\net40\Coypu.dll" />
      <DeploymentItem filename="D:\Projects\MontyGit\Monty\Monty.Model\bin\Debug\Monty.Model.dll" />
      <DeploymentItem filename="D:\Projects\MontyGit\Monty\packages\Shouldly.1.1.1.1\lib\35\Shouldly.dll" />
      <DeploymentItem filename="D:\Projects\MontyGit\Monty\packages\SpecFlow.1.8.1\lib\net35\TechTalk.SpecFlow.dll" />
      <DeploymentItem filename="D:\Projects\MontyGit\Monty\packages\DotNetZip.1.9.1.8\lib\net20\Ionic.Zip.dll" />
      <DeploymentItem filename="D:\Projects\MontyGit\Monty\packages\Newtonsoft.Json.4.5.1\lib\net40\Newtonsoft.Json.dll" />
      <DeploymentItem filename="D:\Projects\MontyGit\Monty\Monty.Repository\bin\Debug\Monty.Repository.dll" />
      <DeploymentItem filename="D:\Projects\MontyGit\Monty\Monty\bin\Debug\Monty.dll" />
      <DeploymentItem filename="D:\Projects\MontyGit\Monty\packages\Selenium.WebDriver.2.23.0\lib\net40\WebDriver.dll" />
      <DeploymentItem filename="D:\Projects\MontyGit\Monty\packages\NUnit.2.6.0.12054\lib\nunit.framework.dll" />
      <DeploymentItem filename="D:\Projects\MontyGit\Monty\packages\Castle.Windsor.3.0.0.4001\lib\net40\Castle.Windsor.dll" />
    </Deployment>
    <Execution>
      <TestTypeSpecific />
      <AgentRule name="Execution Agents">
      </AgentRule>
    </Execution>
  </TestSettings>
  <Times creation="2012-07-02T14:55:03.1311692+01:00" queuing="2012-07-02T14:55:03.2951786+01:00" start="2012-07-02T14:55:03.3191800+01:00" finish="2012-07-02T14:55:18.0238380+01:00" />
  <ResultSummary outcome="Failed">
    <Counters total="1" executed="1" error="0" failed="1" timeout="0" aborted="0" inconclusive="0" passedButRunAborted="0" notRunnable="0" notExecuted="0" disconnected="0" warning="0" passed="0" completed="0" inProgress="0" pending="0" />
  </ResultSummary>
  <TestDefinitions>
    <UnitTest name="CreateANewPayPeriod" storage="d:\projects\montygit\monty\monty.features\bin\debug\monty.features.dll" id="3eaba14c-e8c9-dc4d-3c2d-023646b3efbc">
      <Description>Create a new pay period</Description>
      <Execution id="327a4382-2d92-4ada-b444-4086002521b8" />
      <Properties>
        <Property>
          <Key>FeatureTitle</Key>
          <Value>Creating a new pay period</Value>
        </Property>
      </Properties>
      <TestMethod codeBase="D:/Projects/MontyGit/Monty/Monty.Features/bin/Debug/Monty.Features.DLL" adapterTypeName="Microsoft.VisualStudio.TestTools.TestTypes.Unit.UnitTestAdapter, Microsoft.VisualStudio.QualityTools.Tips.UnitTest.Adapter, Version=10.0.0.0, Culture=neutral, PublicKeyToken=b03f5f7f11d50a3a" className="Monty.Features.CreatingANewPayPeriodFeature, Monty.Features, Version=1.0.0.0, Culture=neutral, PublicKeyToken=null" name="CreateANewPayPeriod" />
    </UnitTest>
  </TestDefinitions>
  <TestLists>
    <TestList name="Results Not in a List" id="8c84fa94-04c1-424b-9868-57a2d4851a1d" />
    <TestList name="All Loaded Results" id="19431567-8539-422a-85d7-44ee4e166bda" />
  </TestLists>
  <TestEntries>
    <TestEntry testId="3eaba14c-e8c9-dc4d-3c2d-023646b3efbc" executionId="327a4382-2d92-4ada-b444-4086002521b8" testListId="8c84fa94-04c1-424b-9868-57a2d4851a1d" />
  </TestEntries>
  <Results>
    <UnitTestResult executionId="327a4382-2d92-4ada-b444-4086002521b8" testId="3eaba14c-e8c9-dc4d-3c2d-023646b3efbc" testName="CreateANewPayPeriod" computerName="780847-PC" duration="00:00:14.2037407" startTime="2012-07-02T14:55:03.3261804+01:00" endTime="2012-07-02T14:55:17.9048312+01:00" testType="13cdc9d9-ddb5-4fa4-a97d-d965ccfc6d4b" outcome="Failed" testListId="8c84fa94-04c1-424b-9868-57a2d4851a1d" relativeResultsDirectory="327a4382-2d92-4ada-b444-4086002521b8">
      <Output>
        <StdOut>Given I have a new system with no pay periods
-&gt; done: CreatingNewPayPeriod.GivenIHaveANewSystemWithNoPayPeriods() (0.1s)
And I launch Monty
-&gt; done: CreatingNewPayPeriod.GivenILaunchMonty() (7.8s)
And I click Pay Periods
-&gt; done: CreatingNewPayPeriod.GivenIClickNew("Pay Periods") (0.3s)
When I click Create New
-&gt; done: CreatingNewPayPeriod.GivenIClickNew("Create New") (0.2s)
And I create pay period
  --- table step argument ---
  | Name     | StartDate | EndDate  |
  | JuneTest | 1/1/2012  | 2/2/2012 |
-&gt; error: No such button: Save
Then I should see JuneTest in the existing pay periods
-&gt; skipped because of previous errors</StdOut>
        <ErrorInfo>
          <Message>Test method Monty.Features.CreatingANewPayPeriodFeature.CreateANewPayPeriod threw exception: 
Coypu.MissingHtmlException: No such button: Save</Message>
          <StackTrace>    at Coypu.Drivers.Selenium.SeleniumWebDriver.BuildElement(IWebElement element, String failureMessage)
   at Coypu.Drivers.Selenium.SeleniumWebDriver.FindButton(String locator, Scope scope)
   at Coypu.Finders.ButtonFinder.Find()
   at Coypu.Actions.WaitThenClick.Act()
   at Coypu.Actions.BrowserAction.Run()
   at Coypu.Robustness.RetryUntilTimeoutRobustWrapper.Robustly[TResult](Query`1 query)
   at Coypu.DriverScope.Query[T](Query`1 query)
   at Coypu.DriverScope.ClickButton(String locator, Options options)
   at Monty.Features.StepDefs.CreatingNewPayPeriod.WhenICreatePayPeriod(Table table) in D:\Projects\MontyGit\Monty\Monty.Features\StepDefs\CreatingNewPayPeriod.cs:line 53
   at lambda_method(Closure , IContextManager , Table )
   at TechTalk.SpecFlow.Bindings.MethodBinding.InvokeAction(IContextManager contextManager, Object[] arguments, ITestTracer testTracer, TimeSpan&amp; duration)
   at TechTalk.SpecFlow.Bindings.StepDefinitionBinding.Invoke(IContextManager contextManager, ITestTracer testTracer, Object[] arguments, TimeSpan&amp; duration)
   at TechTalk.SpecFlow.Infrastructure.TestExecutionEngine.ExecuteStepMatch(BindingMatch match, Object[] arguments)
   at TechTalk.SpecFlow.Infrastructure.TestExecutionEngine.ExecuteStep(StepArgs stepArgs)
   at TechTalk.SpecFlow.Infrastructure.TestExecutionEngine.OnAfterLastStep()
   at TechTalk.SpecFlow.TestRunner.CollectScenarioErrors()
   at Monty.Features.CreatingANewPayPeriodFeature.ScenarioCleanup() in D:\Projects\MontyGit\Monty\Monty.Features\CreatingANewPayPeriod.feature.cs:line 0
   at Monty.Features.CreatingANewPayPeriodFeature.CreateANewPayPeriod() in d:\Projects\MontyGit\Monty\Monty.Features\CreatingANewPayPeriod.feature:line 12
</StackTrace>
        </ErrorInfo>
      </Output>
    </UnitTestResult>
  </Results>
</TestRun>