<?xml version="1.0" encoding="UTF-8"?>
<TestRun id="2f8602c1-9445-4636-9487-a7517ffd9f56" name="User@780847-PC 2012-07-17 19:49:45" runUser="780847-PC\User" xmlns="http://microsoft.com/schemas/VisualStudio/TeamTest/2010">
  <TestSettings name="Local" id="d8b9ca7c-7854-4490-a316-21eb3cde8ced">
    <Description>These are default test settings for a local test run.</Description>
    <Deployment userDeploymentRoot="D:\Projects\MontyGit\Monty\TestResults" useDefaultDeploymentRoot="false" enabled="false" runDeploymentRoot="User_780847-PC 2012-07-17 19_49_45">
      <DeploymentItem filename="D:\Projects\MontyGit\Monty\packages\Castle.Core.3.0.0.4001\lib\net40-client\Castle.Core.dll" />
      <DeploymentItem filename="D:\Projects\MontyGit\Monty\packages\Shouldly.1.1.1.1\lib\35\Shouldly.dll" />
      <DeploymentItem filename="D:\Projects\MontyGit\Monty\packages\DotNetZip.1.9.1.8\lib\net20\Ionic.Zip.dll" />
      <DeploymentItem filename="D:\Projects\MontyGit\Monty\Monty.Model\bin\Debug\Monty.Model.dll" />
      <DeploymentItem filename="D:\Projects\MontyGit\Monty\packages\Castle.Windsor.3.0.0.4001\lib\net40\Castle.Windsor.dll" />
      <DeploymentItem filename="D:\Projects\MontyGit\Monty\packages\Coypu.0.10.1\lib\net40\Coypu.dll" />
      <DeploymentItem filename="D:\Projects\MontyGit\Monty\packages\SpecFlow.1.8.1\lib\net35\TechTalk.SpecFlow.dll" />
      <DeploymentItem filename="D:\Projects\MontyGit\Monty\packages\Newtonsoft.Json.4.5.1\lib\net40\Newtonsoft.Json.dll" />
      <DeploymentItem filename="D:\Projects\MontyGit\Monty\Monty.Repository\bin\Debug\Monty.Repository.dll" />
      <DeploymentItem filename="D:\Projects\MontyGit\Monty\Monty\bin\Debug\Monty.dll" />
      <DeploymentItem filename="D:\Projects\MontyGit\Monty\packages\NUnit.2.6.0.12054\lib\nunit.framework.dll" />
      <DeploymentItem filename="D:\Projects\MontyGit\Monty\packages\Selenium.WebDriver.2.23.0\lib\net40\WebDriver.dll" />
    </Deployment>
    <Execution>
      <TestTypeSpecific />
      <AgentRule name="Execution Agents">
      </AgentRule>
    </Execution>
  </TestSettings>
  <Times creation="2012-07-17T19:49:45.1477579+01:00" queuing="2012-07-17T19:49:45.1777580+01:00" start="2012-07-17T19:49:45.1777580+01:00" finish="2012-07-17T19:49:59.6917785+01:00" />
  <ResultSummary outcome="Completed">
    <Counters total="1" executed="1" passed="1" error="0" failed="0" timeout="0" aborted="0" inconclusive="0" passedButRunAborted="0" notRunnable="0" notExecuted="0" disconnected="0" warning="0" completed="0" inProgress="0" pending="0" />
  </ResultSummary>
  <TestDefinitions>
    <UnitTest name="DeleteExistingPayPeriod" storage="d:\projects\montygit\monty\monty.features\bin\debug\monty.features.dll" id="00a68e87-1e9e-fb0b-7df4-1c5c93ddd11c">
      <Description>Delete existing pay period</Description>
      <Execution id="7d41c685-1e5b-42f1-89c3-c2afca099c83" />
      <Properties>
        <Property>
          <Key>FeatureTitle</Key>
          <Value>Editing pay periods</Value>
        </Property>
      </Properties>
      <TestMethod codeBase="D:/Projects/MontyGit/Monty/Monty.Features/bin/Debug/Monty.Features.DLL" adapterTypeName="Microsoft.VisualStudio.TestTools.TestTypes.Unit.UnitTestAdapter, Microsoft.VisualStudio.QualityTools.Tips.UnitTest.Adapter, Version=10.0.0.0, Culture=neutral, PublicKeyToken=b03f5f7f11d50a3a" className="Monty.Features.EditingPayPeriodsFeature, Monty.Features, Version=1.0.0.0, Culture=neutral, PublicKeyToken=null" name="DeleteExistingPayPeriod" />
    </UnitTest>
  </TestDefinitions>
  <TestLists>
    <TestList name="Results Not in a List" id="8c84fa94-04c1-424b-9868-57a2d4851a1d" />
    <TestList name="All Loaded Results" id="19431567-8539-422a-85d7-44ee4e166bda" />
  </TestLists>
  <TestEntries>
    <TestEntry testId="00a68e87-1e9e-fb0b-7df4-1c5c93ddd11c" executionId="7d41c685-1e5b-42f1-89c3-c2afca099c83" testListId="8c84fa94-04c1-424b-9868-57a2d4851a1d" />
  </TestEntries>
  <Results>
    <UnitTestResult executionId="7d41c685-1e5b-42f1-89c3-c2afca099c83" testId="00a68e87-1e9e-fb0b-7df4-1c5c93ddd11c" testName="DeleteExistingPayPeriod" computerName="780847-PC" duration="00:00:14.1604890" startTime="2012-07-17T19:49:45.1877580+01:00" endTime="2012-07-17T19:49:59.6617785+01:00" testType="13cdc9d9-ddb5-4fa4-a97d-d965ccfc6d4b" outcome="Passed" testListId="8c84fa94-04c1-424b-9868-57a2d4851a1d" relativeResultsDirectory="7d41c685-1e5b-42f1-89c3-c2afca099c83">
      <Output>
        <StdOut>Given I have a new system with pay periods
  --- table step argument ---
  | Name     | StartDate | EndDate  |
  | JuneTest | 1/1/2012  | 2/2/2012 |
-&gt; done: PayPeriodRepo.GivenIHaveANewSystemWithPayPeriods(&lt;table&gt;) (0.1s)
And I view existing pay periods
-&gt; done: CreatingNewPayPeriod.WhenIViewExistingPayPeriods() (7.2s)
When I click Delete
-&gt; done: CreatingNewPayPeriod.GivenIClickNew("Delete") (1.1s)
Then I should not see JuneTest in the existing pay periods
-&gt; done: CreatingNewPayPeriod.ThenIShouldNotSeeInTheExistingPayPeriods("JuneTest") (2.1s)</StdOut>
      </Output>
    </UnitTestResult>
  </Results>
</TestRun>