<?xml version="1.0" encoding="UTF-8"?>
<TestRun id="46381fdc-5a32-41cf-8a3a-a3f97ab26c51" name="User@780847-PC 2012-06-17 21:11:40" runUser="780847-PC\User" xmlns="http://microsoft.com/schemas/VisualStudio/TeamTest/2010">
  <TestSettings name="Local" id="d8b9ca7c-7854-4490-a316-21eb3cde8ced">
    <Description>These are default test settings for a local test run.</Description>
    <Deployment enabled="false" runDeploymentRoot="User_780847-PC 2012-06-17 21_11_40">
      <DeploymentItem filename="D:\Projects\MontyWeb\Monty\packages\Shouldly.1.1.1.1\lib\35\Shouldly.dll" />
      <DeploymentItem filename="D:\Projects\MontyWeb\Monty\packages\SpecFlow.1.8.1\lib\net35\TechTalk.SpecFlow.dll" />
      <DeploymentItem filename="D:\Projects\MontyWeb\Monty\packages\NUnit.2.6.0.12054\lib\nunit.framework.dll" />
      <DeploymentItem filename="D:\Projects\MontyWeb\Monty\Monty\bin\Debug\Monty.dll" />
      <DeploymentItem filename="D:\Projects\Monty\Monty.Repository\bin\Debug\Monty.Repository.dll" />
    </Deployment>
    <Execution>
      <TestTypeSpecific />
      <AgentRule name="Execution Agents">
      </AgentRule>
    </Execution>
  </TestSettings>
  <Times creation="2012-06-17T21:11:40.9381714+01:00" queuing="2012-06-17T21:11:41.7362170+01:00" start="2012-06-17T21:11:41.8502235+01:00" finish="2012-06-17T21:14:32.8690052+01:00" />
  <ResultSummary outcome="Error">
    <Counters total="1" executed="1" error="0" failed="0" timeout="0" aborted="1" inconclusive="0" passedButRunAborted="0" notRunnable="0" notExecuted="0" disconnected="0" warning="0" passed="0" completed="0" inProgress="0" pending="0" />
    <RunInfos>
      <RunInfo computerName="780847-PC" outcome="Error" timestamp="2012-06-17T21:14:32.8680052+01:00">
        <Text>Test host process exited unexpectedly.</Text>
      </RunInfo>
    </RunInfos>
  </ResultSummary>
  <TestDefinitions>
    <UnitTest name="EditingAPayPeriod" storage="d:\projects\montyweb\monty\monty.test.features\bin\debug\monty.test.features.dll" id="62153a28-6497-490d-e93d-2b6b12853231">
      <Description>Editing a pay period</Description>
      <Execution id="17a6aa3b-423c-40b2-ba67-d65bc6018c3b" />
      <Properties>
        <Property>
          <Key>FeatureTitle</Key>
          <Value>Configuring Pay Period</Value>
        </Property>
      </Properties>
      <TestMethod codeBase="D:/Projects/MontyWeb/Monty/Monty.Test.Features/bin/Debug/Monty.Test.Features.DLL" adapterTypeName="Microsoft.VisualStudio.TestTools.TestTypes.Unit.UnitTestAdapter, Microsoft.VisualStudio.QualityTools.Tips.UnitTest.Adapter, Version=10.0.0.0, Culture=neutral, PublicKeyToken=b03f5f7f11d50a3a" className="Monty.Test.Features.ConfiguringPayPeriodFeature, Monty.Test.Features, Version=1.0.0.0, Culture=neutral, PublicKeyToken=null" name="EditingAPayPeriod" />
    </UnitTest>
  </TestDefinitions>
  <TestLists>
    <TestList name="Results Not in a List" id="8c84fa94-04c1-424b-9868-57a2d4851a1d" />
    <TestList name="All Loaded Results" id="19431567-8539-422a-85d7-44ee4e166bda" />
  </TestLists>
  <TestEntries>
    <TestEntry testId="62153a28-6497-490d-e93d-2b6b12853231" executionId="17a6aa3b-423c-40b2-ba67-d65bc6018c3b" testListId="8c84fa94-04c1-424b-9868-57a2d4851a1d" />
  </TestEntries>
  <Results>
    <UnitTestResult executionId="17a6aa3b-423c-40b2-ba67-d65bc6018c3b" testId="62153a28-6497-490d-e93d-2b6b12853231" testName="EditingAPayPeriod" computerName="780847-PC" duration="00:02:50.8947746" startTime="2012-06-17T21:11:41.9742306+01:00" endTime="2012-06-17T21:14:32.8690052+01:00" testType="13cdc9d9-ddb5-4fa4-a97d-d965ccfc6d4b" outcome="Aborted" testListId="8c84fa94-04c1-424b-9868-57a2d4851a1d" relativeResultsDirectory="17a6aa3b-423c-40b2-ba67-d65bc6018c3b">
    </UnitTestResult>
  </Results>
</TestRun>