<?xml version="1.0" encoding="UTF-8"?>
<TestRun id="342f0af0-1938-4015-8798-80d6f87c0ef7" name="User@780847-PC 2012-07-02 14:51:22" runUser="780847-PC\User" xmlns="http://microsoft.com/schemas/VisualStudio/TeamTest/2010">
  <TestSettings name="Local" id="d8b9ca7c-7854-4490-a316-21eb3cde8ced">
    <Description>These are default test settings for a local test run.</Description>
    <Deployment enabled="false" runDeploymentRoot="User_780847-PC 2012-07-02 14_51_22">
      <DeploymentItem filename="D:\Projects\MontyGit\Monty\packages\Castle.Core.3.0.0.4001\lib\net40-client\Castle.Core.dll" />
      <DeploymentItem filename="D:\Projects\MontyGit\Monty\packages\Coypu.0.10.0\lib\net40\Coypu.dll" />
      <DeploymentItem filename="D:\Projects\MontyGit\Monty\Monty.Model\bin\Debug\Monty.Model.dll" />
      <DeploymentItem filename="D:\Projects\MontyGit\Monty\packages\Shouldly.1.1.1.1\lib\35\Shouldly.dll" />
      <DeploymentItem filename="D:\Projects\MontyGit\Monty\packages\SpecFlow.1.8.1\lib\net35\TechTalk.SpecFlow.dll" />
      <DeploymentItem filename="D:\Projects\MontyGit\Monty\packages\DotNetZip.1.9.1.8\lib\net20\Ionic.Zip.dll" />
      <DeploymentItem filename="D:\Projects\MontyGit\Monty\packages\Newtonsoft.Json.4.5.1\lib\net40\Newtonsoft.Json.dll" />
      <DeploymentItem filename="D:\Projects\MontyGit\Monty\Monty.Repository\bin\Debug\Monty.Repository.dll" />
      <DeploymentItem filename="D:\Projects\MontyGit\Monty\Monty\bin\Debug\Monty.dll" />
      <DeploymentItem filename="D:\Projects\MontyGit\Monty\packages\Selenium.WebDriver.2.23.0\lib\net40\WebDriver.dll" />
      <DeploymentItem filename="D:\Projects\MontyGit\Monty\packages\NUnit.2.6.0.12054\lib\nunit.framework.dll" />
      <DeploymentItem filename="D:\Projects\MontyGit\Monty\packages\Castle.Windsor.3.0.0.4001\lib\net40\Castle.Windsor.dll" />
    </Deployment>
    <Execution>
      <TestTypeSpecific />
      <AgentRule name="Execution Agents">
      </AgentRule>
    </Execution>
  </TestSettings>
  <Times creation="2012-07-02T14:51:22.6072583+01:00" queuing="2012-07-02T14:51:23.9353103+01:00" start="2012-07-02T14:51:24.0473167+01:00" finish="2012-07-02T14:52:09.7935471+01:00" />
  <ResultSummary outcome="Error">
    <Counters total="1" executed="1" error="0" failed="0" timeout="0" aborted="1" inconclusive="0" passedButRunAborted="0" notRunnable="0" notExecuted="0" disconnected="0" warning="0" passed="0" completed="0" inProgress="0" pending="0" />
    <RunInfos>
      <RunInfo computerName="780847-PC" outcome="Error" timestamp="2012-07-02T14:52:09.7895469+01:00">
        <Text>Test host process exited unexpectedly.</Text>
      </RunInfo>
    </RunInfos>
  </ResultSummary>
  <TestDefinitions>
    <UnitTest name="CreateANewPayPeriod" storage="d:\projects\montygit\monty\monty.features\bin\debug\monty.features.dll" id="3eaba14c-e8c9-dc4d-3c2d-023646b3efbc">
      <Description>Create a new pay period</Description>
      <Execution id="2552d9a7-9505-4f55-9b22-93173008f1b0" />
      <Properties>
        <Property>
          <Key>FeatureTitle</Key>
          <Value>Creating a new pay period</Value>
        </Property>
      </Properties>
      <TestMethod codeBase="D:/Projects/MontyGit/Monty/Monty.Features/bin/Debug/Monty.Features.DLL" adapterTypeName="Microsoft.VisualStudio.TestTools.TestTypes.Unit.UnitTestAdapter, Microsoft.VisualStudio.QualityTools.Tips.UnitTest.Adapter, Version=10.0.0.0, Culture=neutral, PublicKeyToken=b03f5f7f11d50a3a" className="Monty.Features.CreatingANewPayPeriodFeature, Monty.Features, Version=1.0.0.0, Culture=neutral, PublicKeyToken=null" name="CreateANewPayPeriod" />
    </UnitTest>
  </TestDefinitions>
  <TestLists>
    <TestList name="Results Not in a List" id="8c84fa94-04c1-424b-9868-57a2d4851a1d" />
    <TestList name="All Loaded Results" id="19431567-8539-422a-85d7-44ee4e166bda" />
  </TestLists>
  <TestEntries>
    <TestEntry testId="3eaba14c-e8c9-dc4d-3c2d-023646b3efbc" executionId="2552d9a7-9505-4f55-9b22-93173008f1b0" testListId="8c84fa94-04c1-424b-9868-57a2d4851a1d" />
  </TestEntries>
  <Results>
    <UnitTestResult executionId="2552d9a7-9505-4f55-9b22-93173008f1b0" testId="3eaba14c-e8c9-dc4d-3c2d-023646b3efbc" testName="CreateANewPayPeriod" computerName="780847-PC" duration="00:00:45.6392243" startTime="2012-07-02T14:51:24.1543228+01:00" endTime="2012-07-02T14:52:09.7935471+01:00" testType="13cdc9d9-ddb5-4fa4-a97d-d965ccfc6d4b" outcome="Aborted" testListId="8c84fa94-04c1-424b-9868-57a2d4851a1d" relativeResultsDirectory="2552d9a7-9505-4f55-9b22-93173008f1b0">
    </UnitTestResult>
  </Results>
</TestRun>