<?xml version="1.0" encoding="UTF-8"?>
<TestRun id="d583a8af-1bfc-441f-830c-ae9dadb599a4" name="User@780847-PC 2012-06-17 21:22:19" runUser="780847-PC\User" xmlns="http://microsoft.com/schemas/VisualStudio/TeamTest/2010">
  <TestSettings name="Local" id="d8b9ca7c-7854-4490-a316-21eb3cde8ced">
    <Description>These are default test settings for a local test run.</Description>
    <Deployment enabled="false" runDeploymentRoot="User_780847-PC 2012-06-17 21_22_19">
      <DeploymentItem filename="D:\Projects\MontyWeb\Monty\packages\Shouldly.1.1.1.1\lib\35\Shouldly.dll" />
      <DeploymentItem filename="D:\Projects\MontyWeb\Monty\packages\SpecFlow.1.8.1\lib\net35\TechTalk.SpecFlow.dll" />
      <DeploymentItem filename="D:\Projects\MontyWeb\Monty\packages\NUnit.2.6.0.12054\lib\nunit.framework.dll" />
      <DeploymentItem filename="D:\Projects\MontyWeb\Monty\Monty\bin\Debug\Monty.dll" />
      <DeploymentItem filename="D:\Projects\Monty\Monty.Repository\bin\Debug\Monty.Repository.dll" />
    </Deployment>
    <Execution>
      <TestTypeSpecific />
      <AgentRule name="Execution Agents">
      </AgentRule>
    </Execution>
  </TestSettings>
  <Times creation="2012-06-17T21:22:19.0576697+01:00" queuing="2012-06-17T21:22:19.0796710+01:00" start="2012-06-17T21:22:19.1006722+01:00" finish="2012-06-17T21:22:19.5987007+01:00" />
  <ResultSummary outcome="Inconclusive">
    <Counters total="1" executed="1" error="0" failed="0" timeout="0" aborted="0" inconclusive="1" passedButRunAborted="0" notRunnable="0" notExecuted="0" disconnected="0" warning="0" passed="0" completed="0" inProgress="0" pending="0" />
  </ResultSummary>
  <TestDefinitions>
    <UnitTest name="DeletingAPayPeriod" storage="d:\projects\montyweb\monty\monty.test.features\bin\debug\monty.test.features.dll" id="f7d5c748-f161-dfc2-e32b-986d08cd7f3f">
      <Description>Deleting a pay period</Description>
      <Execution id="3ae67801-9542-4057-a275-bb921ec46251" />
      <Properties>
        <Property>
          <Key>FeatureTitle</Key>
          <Value>Configuring Pay Period</Value>
        </Property>
      </Properties>
      <TestMethod codeBase="D:/Projects/MontyWeb/Monty/Monty.Test.Features/bin/Debug/Monty.Test.Features.DLL" adapterTypeName="Microsoft.VisualStudio.TestTools.TestTypes.Unit.UnitTestAdapter, Microsoft.VisualStudio.QualityTools.Tips.UnitTest.Adapter, Version=10.0.0.0, Culture=neutral, PublicKeyToken=b03f5f7f11d50a3a" className="Monty.Test.Features.ConfiguringPayPeriodFeature, Monty.Test.Features, Version=1.0.0.0, Culture=neutral, PublicKeyToken=null" name="DeletingAPayPeriod" />
    </UnitTest>
  </TestDefinitions>
  <TestLists>
    <TestList name="Results Not in a List" id="8c84fa94-04c1-424b-9868-57a2d4851a1d" />
    <TestList name="All Loaded Results" id="19431567-8539-422a-85d7-44ee4e166bda" />
  </TestLists>
  <TestEntries>
    <TestEntry testId="f7d5c748-f161-dfc2-e32b-986d08cd7f3f" executionId="3ae67801-9542-4057-a275-bb921ec46251" testListId="8c84fa94-04c1-424b-9868-57a2d4851a1d" />
  </TestEntries>
  <Results>
    <UnitTestResult executionId="3ae67801-9542-4057-a275-bb921ec46251" testId="f7d5c748-f161-dfc2-e32b-986d08cd7f3f" testName="DeletingAPayPeriod" computerName="780847-PC" duration="00:00:00.2442814" startTime="2012-06-17T21:22:19.1076726+01:00" endTime="2012-06-17T21:22:19.5877000+01:00" testType="13cdc9d9-ddb5-4fa4-a97d-d965ccfc6d4b" outcome="Inconclusive" testListId="8c84fa94-04c1-424b-9868-57a2d4851a1d" relativeResultsDirectory="3ae67801-9542-4057-a275-bb921ec46251">
      <Output>
        <StdOut>Given I have a new system with pay periods
  --- table step argument ---
  | Name     | StartDate | EndDate  |
  | JuneTest | 1/1/2012  | 2/2/2012 |
-&gt; done: ConfiguringPayPeriod.GivenIHaveANewSystemWithPayPeriods(&lt;table&gt;) (0.2s)
When I delete JuneTest
-&gt; No matching step definition found for the step. Use the following code to create one:
    [Binding]
    public class StepDefinitions
    {
        [When(@"I delete JuneTest")]
        public void WhenIDeleteJuneTest()
        {
            ScenarioContext.Current.Pending();
        }
    }

Then The pay period database should be empty
-&gt; No matching step definition found for the step. Use the following code to create one:
    [Binding]
    public class StepDefinitions
    {
        [Then(@"The pay period database should be empty")]
        public void ThenThePayPeriodDatabaseShouldBeEmpty()
        {
            ScenarioContext.Current.Pending();
        }
    }</StdOut>
        <ErrorInfo>
          <Message>Assert.Inconclusive failed. No matching step definition found for one or more steps.
[Binding]
public class StepDefinitions
{
    [Then(@"The pay period database should be empty")]
    public void ThenThePayPeriodDatabaseShouldBeEmpty()
    {
        ScenarioContext.Current.Pending();
    }
    
    [When(@"I delete JuneTest")]
    public void WhenIDeleteJuneTest()
    {
        ScenarioContext.Current.Pending();
    }
}
</Message>
          <StackTrace>   at lambda_method(Closure , String , Object[] )
   at TechTalk.SpecFlow.UnitTestProvider.MsTestRuntimeProvider.TestInconclusive(String message)
   at TechTalk.SpecFlow.UnitTestProvider.MsTestRuntimeProvider.TestPending(String message)
   at TechTalk.SpecFlow.ErrorHandling.ErrorProvider.ThrowPendingError(TestStatus testStatus, String message)
   at TechTalk.SpecFlow.Infrastructure.TestExecutionEngine.OnAfterLastStep()
   at TechTalk.SpecFlow.TestRunner.CollectScenarioErrors()
   at Monty.Test.Features.ConfiguringPayPeriodFeature.ScenarioCleanup() in D:\Projects\MontyWeb\Monty\Monty.Test.Features\ConfiguringPayPeriod.feature.cs:line 0
   at Monty.Test.Features.ConfiguringPayPeriodFeature.DeletingAPayPeriod() in d:\Projects\MontyWeb\Monty\Monty.Test.Features\ConfiguringPayPeriod.feature:line 42
</StackTrace>
        </ErrorInfo>
      </Output>
    </UnitTestResult>
  </Results>
</TestRun>