<?xml version="1.0" encoding="UTF-8"?>
<TestRun id="2153cf45-1a6a-4770-b6b5-d61d891e1d95" name="User@780847-PC 2012-06-17 20:45:13" runUser="780847-PC\User" xmlns="http://microsoft.com/schemas/VisualStudio/TeamTest/2010">
  <TestSettings name="Local" id="d8b9ca7c-7854-4490-a316-21eb3cde8ced">
    <Description>These are default test settings for a local test run.</Description>
    <Deployment userDeploymentRoot="D:\Projects\MontyWeb\Monty\TestResults" useDefaultDeploymentRoot="false" enabled="false" runDeploymentRoot="User_780847-PC 2012-06-17 20_45_13">
      <DeploymentItem filename="D:\Projects\MontyWeb\Monty\packages\Shouldly.1.1.1.1\lib\35\Shouldly.dll" />
      <DeploymentItem filename="D:\Projects\MontyWeb\Monty\packages\SpecFlow.1.8.1\lib\net35\TechTalk.SpecFlow.dll" />
      <DeploymentItem filename="D:\Projects\MontyWeb\Monty\Monty\bin\Debug\Monty.dll" />
      <DeploymentItem filename="D:\Projects\MontyWeb\Monty\packages\NUnit.2.6.0.12054\lib\nunit.framework.dll" />
      <DeploymentItem filename="D:\Projects\Monty\Monty.Repository\bin\Debug\Monty.Repository.dll" />
    </Deployment>
    <Execution>
      <TestTypeSpecific />
      <AgentRule name="Execution Agents">
      </AgentRule>
    </Execution>
  </TestSettings>
  <Times creation="2012-06-17T20:45:13.6143816+01:00" queuing="2012-06-17T20:45:13.6523838+01:00" start="2012-06-17T20:45:13.6763852+01:00" finish="2012-06-17T20:45:14.1384116+01:00" />
  <ResultSummary outcome="Failed">
    <Counters total="1" executed="1" error="0" failed="1" timeout="0" aborted="0" inconclusive="0" passedButRunAborted="0" notRunnable="0" notExecuted="0" disconnected="0" warning="0" passed="0" completed="0" inProgress="0" pending="0" />
  </ResultSummary>
  <TestDefinitions>
    <UnitTest name="EditingAPayPeriod" storage="d:\projects\montyweb\monty\monty.test.features\bin\debug\monty.test.features.dll" id="62153a28-6497-490d-e93d-2b6b12853231">
      <Description>Editing a pay period</Description>
      <Execution id="9dd6532e-0d94-4ec5-91d8-99549b6dda21" />
      <Properties>
        <Property>
          <Key>FeatureTitle</Key>
          <Value>Configuring Pay Period</Value>
        </Property>
      </Properties>
      <TestMethod codeBase="D:/Projects/MontyWeb/Monty/Monty.Test.Features/bin/Debug/Monty.Test.Features.DLL" adapterTypeName="Microsoft.VisualStudio.TestTools.TestTypes.Unit.UnitTestAdapter, Microsoft.VisualStudio.QualityTools.Tips.UnitTest.Adapter, Version=10.0.0.0, Culture=neutral, PublicKeyToken=b03f5f7f11d50a3a" className="Monty.Test.Features.ConfiguringPayPeriodFeature, Monty.Test.Features, Version=1.0.0.0, Culture=neutral, PublicKeyToken=null" name="EditingAPayPeriod" />
    </UnitTest>
  </TestDefinitions>
  <TestLists>
    <TestList name="Results Not in a List" id="8c84fa94-04c1-424b-9868-57a2d4851a1d" />
    <TestList name="All Loaded Results" id="19431567-8539-422a-85d7-44ee4e166bda" />
  </TestLists>
  <TestEntries>
    <TestEntry testId="62153a28-6497-490d-e93d-2b6b12853231" executionId="9dd6532e-0d94-4ec5-91d8-99549b6dda21" testListId="8c84fa94-04c1-424b-9868-57a2d4851a1d" />
  </TestEntries>
  <Results>
    <UnitTestResult executionId="9dd6532e-0d94-4ec5-91d8-99549b6dda21" testId="62153a28-6497-490d-e93d-2b6b12853231" testName="EditingAPayPeriod" computerName="780847-PC" duration="00:00:00.2204299" startTime="2012-06-17T20:45:13.6773852+01:00" endTime="2012-06-17T20:45:14.1214106+01:00" testType="13cdc9d9-ddb5-4fa4-a97d-d965ccfc6d4b" outcome="Failed" testListId="8c84fa94-04c1-424b-9868-57a2d4851a1d" relativeResultsDirectory="9dd6532e-0d94-4ec5-91d8-99549b6dda21">
      <Output>
        <StdOut>Given I have a new system with pay periods
  --- table step argument ---
  | Name     | StartDate | EndDate  |
  | JuneTest | 1/1/2012  | 2/2/2012 |
-&gt; done: ConfiguringPayPeriod.GivenIHaveANewSystemWithPayPeriods(&lt;table&gt;) (0.2s)
When I edit and save JuneTest with details
  --- table step argument ---
  | Name          | StartDate | EndDate  |
  | JuneTestCange | 1/2/2012  | 2/3/2012 |
-&gt; done: ConfiguringPayPeriod.WhenIEditAndSaveJuneTestWithDetails("JuneTest", &lt;table&gt;) (0.0s)
Then I should be able to retrieve JuneTest from the database with details
  --- table step argument ---
  | Name          | StartDate | EndDate  |
  | JuneTestCange | 1/2/2012  | 2/3/2012 |
-&gt; binding error: Parameter count mismatch! The binding method 'ConfiguringPayPeriod.ThenIShouldBeAbleToRetrieveJuneTestFromTheDatabaseWithDetails(Table)' should have 2 parameters</StdOut>
        <ErrorInfo>
          <Message>Test method Monty.Test.Features.ConfiguringPayPeriodFeature.EditingAPayPeriod threw exception: 
TechTalk.SpecFlow.BindingException: Parameter count mismatch! The binding method 'ConfiguringPayPeriod.ThenIShouldBeAbleToRetrieveJuneTestFromTheDatabaseWithDetails(Table)' should have 2 parameters</Message>
          <StackTrace>    at TechTalk.SpecFlow.Infrastructure.TestExecutionEngine.GetExecuteArguments(BindingMatch match)
   at TechTalk.SpecFlow.Infrastructure.TestExecutionEngine.ExecuteStep(StepArgs stepArgs)
   at TechTalk.SpecFlow.Infrastructure.TestExecutionEngine.OnAfterLastStep()
   at TechTalk.SpecFlow.TestRunner.CollectScenarioErrors()
   at Monty.Test.Features.ConfiguringPayPeriodFeature.ScenarioCleanup() in D:\Projects\MontyWeb\Monty\Monty.Test.Features\ConfiguringPayPeriod.feature.cs:line 0
   at Monty.Test.Features.ConfiguringPayPeriodFeature.EditingAPayPeriod() in d:\Projects\MontyWeb\Monty\Monty.Test.Features\ConfiguringPayPeriod.feature:line 32
</StackTrace>
        </ErrorInfo>
      </Output>
    </UnitTestResult>
  </Results>
</TestRun>